<?xml version="1.0" encoding="UTF-8"?>
<testsuite xmlns:xsi="http://www.w3.org/2001/XMLSchema-instance" xsi:noNamespaceSchemaLocation="https://maven.apache.org/surefire/maven-surefire-plugin/xsd/surefire-test-report-3.0.xsd" version="3.0" name="com.smartHomeHub.notification.NotificationServiceApplicationTests" time="6.114" tests="1" errors="0" skipped="0" failures="0">
  <properties>
[...]
</properties>
  <testcase name="contextLoads" classname="com.smartHomeHub.notification.NotificationServiceApplicationTests" time="0.51">
    <system-out><![CDATA[15:01:28.373 [main] INFO org.springframework.test.context.support.AnnotationConfigContextLoaderUtils -- Could not detect default configuration classes for test class [com.smartHomeHub.notification.NotificationServiceApplicationTests]: NotificationServiceApplicationTests does not declare any static, non-private, non-final, nested classes annotated with @Configuration.
15:01:28.470 [main] INFO org.springframework.boot.test.context.SpringBootTestContextBootstrapper -- Found @SpringBootConfiguration com.smartHomeHub.notification.NotificationServiceApplication for test class com.smartHomeHub.notification.NotificationServiceApplicationTests
  .   ____          _            __ _ _
 /\\ / ___'_ __ _ _(_)_ __  __ _ \ \ \ \
( ( )\___ | '_ | '_| | '_ \/ _` | \ \ \ \
 \\/  ___)| |_)| | | | | || (_| |  ) ) ) )
  '  |____| .__|_| |_|_| |_\__, | / / / /
 =========|_|==============|___/=/_/_/_/

 :: Spring Boot ::                (v3.3.0)

2024-06-14T15:01:28.910-07:00  INFO 20816 --- [NotificationService] [           main] .s.n.NotificationServiceApplicationTests : Starting NotificationServiceApplicationTests using Java 21.0.3 with PID 20816 (started by jacks in C:\Users\jacks\git\SmartHomeHub-NotificationService\NotificationService)
2024-06-14T15:01:28.910-07:00  INFO 20816 --- [NotificationService] [           main] .s.n.NotificationServiceApplicationTests : The following 1 profile is active: "dev"
2024-06-14T15:01:29.858-07:00  INFO 20816 --- [NotificationService] [           main] .s.d.r.c.RepositoryConfigurationDelegate : Bootstrapping Spring Data JPA repositories in DEFAULT mode.
2024-06-14T15:01:29.882-07:00  INFO 20816 --- [NotificationService] [           main] .s.d.r.c.RepositoryConfigurationDelegate : Finished Spring Data repository scanning in 13 ms. Found 0 JPA repository interfaces.
2024-06-14T15:01:30.536-07:00  INFO 20816 --- [NotificationService] [           main] o.hibernate.jpa.internal.util.LogHelper  : HHH000204: Processing PersistenceUnitInfo [name: default]
2024-06-14T15:01:30.595-07:00  INFO 20816 --- [NotificationService] [           main] org.hibernate.Version                    : HHH000412: Hibernate ORM core version 6.5.2.Final
2024-06-14T15:01:30.641-07:00  INFO 20816 --- [NotificationService] [           main] o.h.c.internal.RegionFactoryInitiator    : HHH000026: Second-level cache disabled
2024-06-14T15:01:31.057-07:00  INFO 20816 --- [NotificationService] [           main] o.s.o.j.p.SpringPersistenceUnitInfo      : No LoadTimeWeaver setup: ignoring JPA class transformer
2024-06-14T15:01:31.090-07:00  INFO 20816 --- [NotificationService] [           main] com.zaxxer.hikari.HikariDataSource       : HikariPool-1 - Starting...
2024-06-14T15:01:31.270-07:00  INFO 20816 --- [NotificationService] [           main] com.zaxxer.hikari.pool.HikariPool        : HikariPool-1 - Added connection conn0: url=jdbc:h2:mem:devdb user=SA
2024-06-14T15:01:31.272-07:00  INFO 20816 --- [NotificationService] [           main] com.zaxxer.hikari.HikariDataSource       : HikariPool-1 - Start completed.
2024-06-14T15:01:31.293-07:00  WARN 20816 --- [NotificationService] [           main] org.hibernate.orm.deprecation            : HHH90000025: H2Dialect does not need to be specified explicitly using 'hibernate.dialect' (remove the property setting and it will be selected by default)
2024-06-14T15:01:32.227-07:00  INFO 20816 --- [NotificationService] [           main] o.h.e.t.j.p.i.JtaPlatformInitiator       : HHH000489: No JTA platform available (set 'hibernate.transaction.jta.platform' to enable JTA platform integration)
Hibernate: 
    create table notification (
        id bigint not null,
        message varchar(255),
        timestamp timestamp(6),
        waiting_recipients_count integer not null,
        source_id bigint,
        primary key (id)
    )
Hibernate: 
    create table recipient (
        id bigint not null,
        primary key (id)
    )
Hibernate: 
    create table recipient_undelivered_notifications (
        recipient_id bigint not null,
        undelivered_notifications_id bigint not null
    )
Hibernate: 
    create table stream (
        id bigint not null,
        name varchar(255),
        primary key (id)
    )
Hibernate: 
    create table subscription (
        id bigint not null,
        urgency tinyint check (urgency between 0 and 2),
        recipient_id bigint,
        stream_id bigint,
        primary key (id)
    )
Hibernate: 
    create sequence notification_seq start with 1 increment by 50
Hibernate: 
    create sequence recipient_seq start with 1 increment by 50
Hibernate: 
    create sequence stream_seq start with 1 increment by 50
Hibernate: 
    create sequence subscription_seq start with 1 increment by 50
Hibernate: 
    alter table if exists notification 
       add constraint FKpku6odi5wng3c64vtwm17u2tx 
       foreign key (source_id) 
       references stream
Hibernate: 
    alter table if exists recipient_undelivered_notifications 
       add constraint FK3mn8upuivohrbbhn7qrjjkhfv 
       foreign key (undelivered_notifications_id) 
       references notification
Hibernate: 
    alter table if exists recipient_undelivered_notifications 
       add constraint FKr2lk24ei8sb7t6491t516mk9o 
       foreign key (recipient_id) 
       references recipient
Hibernate: 
    alter table if exists subscription 
       add constraint FK7wtuohon03caxb345x36j5khn 
       foreign key (recipient_id) 
       references recipient
Hibernate: 
    alter table if exists subscription 
       add constraint FK3smo1k6qwote4q6j1khw0lijx 
       foreign key (stream_id) 
       references stream
2024-06-14T15:01:32.279-07:00  INFO 20816 --- [NotificationService] [           main] j.LocalContainerEntityManagerFactoryBean : Initialized JPA EntityManagerFactory for persistence unit 'default'
2024-06-14T15:01:32.663-07:00  WARN 20816 --- [NotificationService] [           main] JpaBaseConfiguration$JpaWebConfiguration : spring.jpa.open-in-view is enabled by default. Therefore, database queries may be performed during view rendering. Explicitly configure spring.jpa.open-in-view to disable this warning
2024-06-14T15:01:33.612-07:00  INFO 20816 --- [NotificationService] [           main] o.s.b.a.e.web.EndpointLinksResolver      : Exposing 1 endpoint beneath base path '/actuator'
2024-06-14T15:01:33.695-07:00  INFO 20816 --- [NotificationService] [           main] .s.n.NotificationServiceApplicationTests : Started NotificationServiceApplicationTests in 5.075 seconds (process running for 6.054)
]]></system-out>
    <system-err><![CDATA[WARNING: A Java agent has been loaded dynamically (C:\Users\jacks\.m2\repository\net\bytebuddy\byte-buddy-agent\1.14.16\byte-buddy-agent-1.14.16.jar)
WARNING: If a serviceability tool is in use, please run with -XX:+EnableDynamicAgentLoading to hide this warning
WARNING: If a serviceability tool is not in use, please run with -Djdk.instrument.traceUsage for more information
WARNING: Dynamic loading of agents will be disallowed by default in a future release
]]></system-err>
  </testcase>
</testsuite>