<?xml version="1.0" encoding="UTF-8"?>
<testsuite xmlns:xsi="http://www.w3.org/2001/XMLSchema-instance" xsi:noNamespaceSchemaLocation="https://maven.apache.org/surefire/maven-surefire-plugin/xsd/surefire-test-report-3.0.xsd" version="3.0" name="com.smartHomeHub.notification.NotificationServiceApplicationTests" time="9.06" tests="1" errors="0" skipped="0" failures="0">
  <properties>
[...]
</properties>
  <testcase name="contextLoads" classname="com.smartHomeHub.notification.NotificationServiceApplicationTests" time="0.64">
    <system-out><![CDATA[11:10:25.469 [main] INFO org.springframework.test.context.support.AnnotationConfigContextLoaderUtils -- Could not detect default configuration classes for test class [com.smartHomeHub.notification.NotificationServiceApplicationTests]: NotificationServiceApplicationTests does not declare any static, non-private, non-final, nested classes annotated with @Configuration.
11:10:25.663 [main] INFO org.springframework.boot.test.context.SpringBootTestContextBootstrapper -- Found @SpringBootConfiguration com.smartHomeHub.notification.NotificationServiceApplication for test class com.smartHomeHub.notification.NotificationServiceApplicationTests
  .   ____          _            __ _ _
 /\\ / ___'_ __ _ _(_)_ __  __ _ \ \ \ \
( ( )\___ | '_ | '_| | '_ \/ _` | \ \ \ \
 \\/  ___)| |_)| | | | | || (_| |  ) ) ) )
  '  |____| .__|_| |_|_| |_\__, | / / / /
 =========|_|==============|___/=/_/_/_/

 :: Spring Boot ::                (v3.3.0)

2024-06-13T11:10:26.377-07:00  INFO 13112 --- [NotificationService] [           main] .s.n.NotificationServiceApplicationTests : Starting NotificationServiceApplicationTests using Java 21.0.3 with PID 13112 (started by jacks in C:\Users\jacks\git\SmartHomeHub-NotificationService\NotificationService)
2024-06-13T11:10:26.379-07:00  INFO 13112 --- [NotificationService] [           main] .s.n.NotificationServiceApplicationTests : No active profile set, falling back to 1 default profile: "default"
2024-06-13T11:10:28.093-07:00  INFO 13112 --- [NotificationService] [           main] .s.d.r.c.RepositoryConfigurationDelegate : Bootstrapping Spring Data JPA repositories in DEFAULT mode.
2024-06-13T11:10:28.120-07:00  INFO 13112 --- [NotificationService] [           main] .s.d.r.c.RepositoryConfigurationDelegate : Finished Spring Data repository scanning in 17 ms. Found 0 JPA repository interfaces.
2024-06-13T11:10:28.976-07:00  INFO 13112 --- [NotificationService] [           main] o.hibernate.jpa.internal.util.LogHelper  : HHH000204: Processing PersistenceUnitInfo [name: default]
2024-06-13T11:10:29.067-07:00  INFO 13112 --- [NotificationService] [           main] org.hibernate.Version                    : HHH000412: Hibernate ORM core version 6.5.2.Final
2024-06-13T11:10:29.138-07:00  INFO 13112 --- [NotificationService] [           main] o.h.c.internal.RegionFactoryInitiator    : HHH000026: Second-level cache disabled
2024-06-13T11:10:29.666-07:00  INFO 13112 --- [NotificationService] [           main] o.s.o.j.p.SpringPersistenceUnitInfo      : No LoadTimeWeaver setup: ignoring JPA class transformer
2024-06-13T11:10:29.711-07:00  INFO 13112 --- [NotificationService] [           main] com.zaxxer.hikari.HikariDataSource       : HikariPool-1 - Starting...
2024-06-13T11:10:29.997-07:00  INFO 13112 --- [NotificationService] [           main] com.zaxxer.hikari.pool.HikariPool        : HikariPool-1 - Added connection org.postgresql.jdbc.PgConnection@2df71be0
2024-06-13T11:10:29.999-07:00  INFO 13112 --- [NotificationService] [           main] com.zaxxer.hikari.HikariDataSource       : HikariPool-1 - Start completed.
2024-06-13T11:10:31.403-07:00  INFO 13112 --- [NotificationService] [           main] o.h.e.t.j.p.i.JtaPlatformInitiator       : HHH000489: No JTA platform available (set 'hibernate.transaction.jta.platform' to enable JTA platform integration)
2024-06-13T11:10:31.503-07:00  INFO 13112 --- [NotificationService] [           main] j.LocalContainerEntityManagerFactoryBean : Initialized JPA EntityManagerFactory for persistence unit 'default'
2024-06-13T11:10:31.963-07:00  WARN 13112 --- [NotificationService] [           main] JpaBaseConfiguration$JpaWebConfiguration : spring.jpa.open-in-view is enabled by default. Therefore, database queries may be performed during view rendering. Explicitly configure spring.jpa.open-in-view to disable this warning
2024-06-13T11:10:33.278-07:00  INFO 13112 --- [NotificationService] [           main] o.s.b.a.e.web.EndpointLinksResolver      : Exposing 1 endpoint beneath base path '/actuator'
2024-06-13T11:10:33.400-07:00  INFO 13112 --- [NotificationService] [           main] .s.n.NotificationServiceApplicationTests : Started NotificationServiceApplicationTests in 7.42 seconds (process running for 9.276)
]]></system-out>
    <system-err><![CDATA[WARNING: A Java agent has been loaded dynamically (C:\Users\jacks\.m2\repository\net\bytebuddy\byte-buddy-agent\1.14.16\byte-buddy-agent-1.14.16.jar)
WARNING: If a serviceability tool is in use, please run with -XX:+EnableDynamicAgentLoading to hide this warning
WARNING: If a serviceability tool is not in use, please run with -Djdk.instrument.traceUsage for more information
WARNING: Dynamic loading of agents will be disallowed by default in a future release
]]></system-err>
  </testcase>
</testsuite>